<?xml version="1.0" encoding="UTF-8"?>
<testng-results skipped="0" failed="0" ignored="0" total="1" passed="1">
  <reporter-output>
  </reporter-output>
  <suite name="Suite" duration-ms="19400" started-at="2019-05-19T07:25:17Z" finished-at="2019-05-19T07:25:36Z">
    <groups>
    </groups>
    <test name="Test" duration-ms="19400" started-at="2019-05-19T07:25:17Z" finished-at="2019-05-19T07:25:36Z">
      <class name="testPkg.TestClass">
        <test-method status="PASS" signature="launchChrome()[pri:0, instance:testPkg.TestClass@3cda1055]" name="launchChrome" duration-ms="19357" started-at="2019-05-19T07:25:17Z" finished-at="2019-05-19T07:25:36Z">
          <reporter-output>
          </reporter-output>
        </test-method> <!-- launchChrome -->
      </class> <!-- testPkg.TestClass -->
    </test> <!-- Test -->
  </suite> <!-- Suite -->
</testng-results>
